#
# A fatal error has been detected by the Java Runtime Environment:
#
#  Internal Error (javaClasses.cpp:136), pid=10852, tid=9232
#  fatal error: Invalid layout of preloaded class
#
# JRE version:  (7.0_45-b18) (build )
# Java VM: Java HotSpot(TM) Client VM (24.45-b08 mixed mode windows-x86 )
# Failed to write core dump. Minidumps are not enabled by default on client versions of Windows
#
# If you would like to submit a bug report, please visit:
#   http://bugreport.sun.com/bugreport/crash.jsp
#

---------------  T H R E A D  ---------------

Current thread (0x0027c400):  JavaThread "Unknown thread" [_thread_in_vm, id=9232, stack(0x005b0000,0x00600000)]

Stack: [0x005b0000,0x00600000],  sp=0x005ff9ac,  free space=318k
Native frames: (J=compiled Java code, j=interpreted, Vv=VM code, C=native code)
V  [jvm.dll+0x18df51]
V  [jvm.dll+0x187cc6]
V  [jvm.dll+0x3586a]
V  [jvm.dll+0x358f6]
V  [jvm.dll+0x4400d]
V  [jvm.dll+0x442be]
V  [jvm.dll+0x9263a]
V  [jvm.dll+0x929eb]
V  [jvm.dll+0x13daf1]
V  [jvm.dll+0x1605fc]
V  [jvm.dll+0xc8ebf]
C  [javaw.exe+0x13ce]
C  [javaw.exe+0x1e40]
C  [javaw.exe+0xa5b1]
C  [javaw.exe+0xa63b]
C  [kernel32.dll+0x4ee6c]
C  [ntdll.dll+0x63a03]
C  [ntdll.dll+0x639d6]


---------------  P R O C E S S  ---------------

Java Threads: ( => current thread )

Other Threads:

=>0x0027c400 (exited) JavaThread "Unknown thread" [_thread_in_vm, id=9232, stack(0x005b0000,0x00600000)]

VM state:not at safepoint (not fully initialized)

VM Mutex/Monitor currently owned by a thread: None

GC Heap History (0 events):
No events

Deoptimization events (0 events):
No events

Internal exceptions (0 events):
No events

Events (10 events):
Event: 0.094 loading class 0x00d18ea0 done
Event: 0.095 loading class 0x00d18930 done
Event: 0.095 loading class 0x00d18910
Event: 0.095 loading class 0x00d1fc38
Event: 0.096 loading class 0x00d1fc38 done
Event: 0.096 loading class 0x00d1fc68
Event: 0.096 loading class 0x00d1fc68 done
Event: 0.096 loading class 0x00d1fc98
Event: 0.096 loading class 0x00d1fc98 done
Event: 0.096 loading class 0x00d18910 done


Dynamic libraries:
0x01090000 - 0x010bf000 	C:\Program Files\Java\jre7\bin\javaw.exe
0x77680000 - 0x777c1000 	C:\Windows\SYSTEM32\ntdll.dll
0x763f0000 - 0x764c4000 	C:\Windows\system32\kernel32.dll
0x755e0000 - 0x7562b000 	C:\Windows\system32\KERNELBASE.dll
0x77820000 - 0x778c1000 	C:\Windows\system32\ADVAPI32.dll
0x75ed0000 - 0x75f7c000 	C:\Windows\system32\msvcrt.dll
0x75a60000 - 0x75a79000 	C:\Windows\SYSTEM32\sechost.dll
0x77390000 - 0x77432000 	C:\Windows\system32\RPCRT4.dll
0x75770000 - 0x75839000 	C:\Windows\system32\USER32.dll
0x777d0000 - 0x7781e000 	C:\Windows\system32\GDI32.dll
0x76720000 - 0x7672a000 	C:\Windows\system32\LPK.dll
0x75c90000 - 0x75d2d000 	C:\Windows\system32\USP10.dll
0x74240000 - 0x743de000 	C:\Windows\WinSxS\x86_microsoft.windows.common-controls_6595b64144ccf1df_6.0.7601.18837_none_41e855142bd5705d\COMCTL32.dll
0x76380000 - 0x763d7000 	C:\Windows\system32\SHLWAPI.dll
0x77660000 - 0x7767f000 	C:\Windows\system32\IMM32.DLL
0x761c0000 - 0x7628c000 	C:\Windows\system32\MSCTF.dll
0x77fb0000 - 0x7806f000 	C:\Program Files\Java\jre7\bin\msvcr100.dll
0x63c00000 - 0x63f80000 	C:\Program Files\Java\jre7\bin\client\jvm.dll
0x6f190000 - 0x6f197000 	C:\Windows\system32\WSOCK32.dll
0x77440000 - 0x77475000 	C:\Windows\system32\WS2_32.dll
0x75ec0000 - 0x75ec6000 	C:\Windows\system32\NSI.dll
0x753e0000 - 0x75412000 	C:\Windows\system32\WINMM.dll
0x763e0000 - 0x763e5000 	C:\Windows\system32\PSAPI.DLL
0x6fb30000 - 0x6fb3c000 	C:\Program Files\Java\jre7\bin\verify.dll
0x63be0000 - 0x63c00000 	C:\Program Files\Java\jre7\bin\java.dll
0x63bc0000 - 0x63bd3000 	C:\Program Files\Java\jre7\bin\zip.dll
0x6e490000 - 0x6e57b000 	C:\Windows\system32\dbghelp.dll

VM Arguments:
jvm_args: -Dfile.encoding=GBK -Xbootclasspath:E:\Android\android-sdk\platforms\android-19\android.jar 
java_command: com.gmsz.utils.Base64Util
Launcher Type: SUN_STANDARD

Environment Variables:
JAVA_HOME=D:\develop\Java\jdk1.6.0_21
PATH=C:/Program Files/Java/jre7/bin/client;C:/Program Files/Java/jre7/bin;C:/Program Files/Java/jre7/lib/i386;G:\oracle\product\10.2.0\client_3\bin;C:\Program Files\NVIDIA Corporation\PhysX\Common;C:\Program Files\Intel\iCLS Client\;C:\Windows\system32;C:\Windows;C:\Windows\System32\Wbem;C:\Windows\System32\WindowsPowerShell\v1.0\;C:\Program Files\Intel\OpenCL SDK\2.0\bin\x86;C:\Program Files\Intel\Intel(R) Management Engine Components\DAL;C:\Program Files\Intel\Intel(R) Management Engine Components\IPT;D:\develop\Java\jdk1.6.0_21\bin;D:\TortoiseSVN\bin;G:\ÏÔ¿¨Çý¶¯\ATI.ACE\Core-Static;C:\Program Files\Common Files\Thunder Network\KanKan\Codecs;E:\Android\adt-bundle-windows-x86-20140624\sdk/platform-tools;0X1.A54540P+575ndroid_SDK_HOME\tools;;E:\eclipse-jee-kepler-R-win32\eclipse;
USERNAME=zhoufm
OS=Windows_NT
PROCESSOR_IDENTIFIER=x86 Family 6 Model 58 Stepping 9, GenuineIntel



---------------  S Y S T E M  ---------------

OS: Windows 7 Build 7601 Service Pack 1

CPU:total 4 (4 cores per cpu, 1 threads per core) family 6 model 58 stepping 9, cmov, cx8, fxsr, mmx, sse, sse2, sse3, ssse3, sse4.1, sse4.2, popcnt, avx, aes, erms, tsc, tscinvbit, tscinv

Memory: 4k page, physical 3624004k(424220k free), swap 7246280k(3057412k free)

vm_info: Java HotSpot(TM) Client VM (24.45-b08) for windows-x86 JRE (1.7.0_45-b18), built on Oct  8 2013 06:02:43 by "java_re" with unknown MS VC++:1600

time: Mon Jul 20 10:16:04 2015
elapsed time: 0 seconds

